<?xml version="1.0" encoding="utf-8"?>
<object xmlns:i18n="http://xml.zope.org/namespaces/i18n"
        meta_type="Plone Actions Tool"
        name="portal_actions"
        i18n:domain="ftw.upgrade.tests.directory_upgrades"
>

  <object meta_type="CMF Action Category"
          name="portal_tabs"
  >

    <object meta_type="CMF Action"
            name="test-action"
    >
      <property name="title"
                i18n:translate=""
      >The Test Action</property>
      <property name="url_expr">string:${object_url}/@@something</property>
      <property name="icon_expr" />
      <property name="available_expr" />
      <property name="permissions">
        <element value="View" />
      </property>
      <property name="visible">True</property>
    </object>

  </object>

</object>
